  tree.cpp
c:\users\40161070\documents\github\cps\coursework 2\code\nbody\nbody\vec.hpp(10): error C4576: a parenthesized type followed by an initializer list is a non-standard explicit type conversion syntax
c:\users\40161070\documents\github\cps\coursework 2\code\nbody\nbody\vec.hpp(14): error C4576: a parenthesized type followed by an initializer list is a non-standard explicit type conversion syntax
c:\users\40161070\documents\github\cps\coursework 2\code\nbody\nbody\vec.hpp(18): error C4576: a parenthesized type followed by an initializer list is a non-standard explicit type conversion syntax
c:\users\40161070\documents\github\cps\coursework 2\code\nbody\nbody\vec.hpp(22): error C4576: a parenthesized type followed by an initializer list is a non-standard explicit type conversion syntax
c:\users\40161070\documents\github\cps\coursework 2\code\nbody\nbody\tree.cpp(30): warning C4018: '<': signed/unsigned mismatch
c:\users\40161070\documents\github\cps\coursework 2\code\nbody\nbody\tree.cpp(34): warning C4018: '<': signed/unsigned mismatch
c:\users\40161070\documents\github\cps\coursework 2\code\nbody\nbody\tree.cpp(64): warning C4018: '<': signed/unsigned mismatch
c:\users\40161070\documents\github\cps\coursework 2\code\nbody\nbody\tree.cpp(85): warning C4018: '<': signed/unsigned mismatch
c:\users\40161070\documents\github\cps\coursework 2\code\nbody\nbody\tree.cpp(113): error C4576: a parenthesized type followed by an initializer list is a non-standard explicit type conversion syntax
c:\users\40161070\documents\github\cps\coursework 2\code\nbody\nbody\tree.cpp(136): warning C4018: '<': signed/unsigned mismatch
c:\users\40161070\documents\github\cps\coursework 2\code\nbody\nbody\tree.cpp(150): error C4576: a parenthesized type followed by an initializer list is a non-standard explicit type conversion syntax
c:\users\40161070\documents\github\cps\coursework 2\code\nbody\nbody\tree.cpp(171): warning C4018: '<': signed/unsigned mismatch
c:\users\40161070\documents\github\cps\coursework 2\code\nbody\nbody\tree.cpp(211): warning C4018: '<': signed/unsigned mismatch
c:\users\40161070\documents\github\cps\coursework 2\code\nbody\nbody\tree.cpp(267): warning C4018: '<': signed/unsigned mismatch
c:\users\40161070\documents\github\cps\coursework 2\code\nbody\nbody\tree.cpp(276): warning C4018: '<': signed/unsigned mismatch
c:\users\40161070\documents\github\cps\coursework 2\code\nbody\nbody\tree.cpp(264): warning C4101: 't': unreferenced local variable
  timing.cpp
c:\users\40161070\documents\github\cps\coursework 2\code\nbody\nbody\timing\timing.hpp(6): fatal error C1083: Cannot open include file: 'sys/time.h': No such file or directory
  phys.cpp
c:\users\40161070\documents\github\cps\coursework 2\code\nbody\nbody\vec.hpp(10): error C4576: a parenthesized type followed by an initializer list is a non-standard explicit type conversion syntax
c:\users\40161070\documents\github\cps\coursework 2\code\nbody\nbody\vec.hpp(14): error C4576: a parenthesized type followed by an initializer list is a non-standard explicit type conversion syntax
c:\users\40161070\documents\github\cps\coursework 2\code\nbody\nbody\vec.hpp(18): error C4576: a parenthesized type followed by an initializer list is a non-standard explicit type conversion syntax
c:\users\40161070\documents\github\cps\coursework 2\code\nbody\nbody\vec.hpp(22): error C4576: a parenthesized type followed by an initializer list is a non-standard explicit type conversion syntax
c:\users\40161070\documents\github\cps\coursework 2\code\nbody\nbody\phys.cpp(103): error C4576: a parenthesized type followed by an initializer list is a non-standard explicit type conversion syntax
c:\users\40161070\documents\github\cps\coursework 2\code\nbody\nbody\phys.cpp(139): error C3861: 'drand48': identifier not found
c:\users\40161070\documents\github\cps\coursework 2\code\nbody\nbody\phys.cpp(139): error C4576: a parenthesized type followed by an initializer list is a non-standard explicit type conversion syntax
c:\users\40161070\documents\github\cps\coursework 2\code\nbody\nbody\phys.cpp(140): error C3861: 'drand48': identifier not found
c:\users\40161070\documents\github\cps\coursework 2\code\nbody\nbody\phys.cpp(140): error C4576: a parenthesized type followed by an initializer list is a non-standard explicit type conversion syntax
c:\users\40161070\documents\github\cps\coursework 2\code\nbody\nbody\phys.cpp(141): error C4576: a parenthesized type followed by an initializer list is a non-standard explicit type conversion syntax
  NBody.cpp
c:\users\40161070\documents\github\cps\coursework 2\code\nbody\nbody\timing\timing.hpp(6): fatal error C1083: Cannot open include file: 'sys/time.h': No such file or directory
  main.cpp
c:\users\40161070\documents\github\cps\coursework 2\code\nbody\nbody\vec.hpp(10): error C4576: a parenthesized type followed by an initializer list is a non-standard explicit type conversion syntax
c:\users\40161070\documents\github\cps\coursework 2\code\nbody\nbody\vec.hpp(14): error C4576: a parenthesized type followed by an initializer list is a non-standard explicit type conversion syntax
c:\users\40161070\documents\github\cps\coursework 2\code\nbody\nbody\vec.hpp(18): error C4576: a parenthesized type followed by an initializer list is a non-standard explicit type conversion syntax
c:\users\40161070\documents\github\cps\coursework 2\code\nbody\nbody\vec.hpp(22): error C4576: a parenthesized type followed by an initializer list is a non-standard explicit type conversion syntax
c:\users\40161070\documents\github\cps\coursework 2\code\nbody\nbody\main.cpp(18): warning C4477: 'printf' : format string '%lu' requires an argument of type 'unsigned long', but variadic argument 1 has type 'time_t'
  c:\users\40161070\documents\github\cps\coursework 2\code\nbody\nbody\main.cpp(18): note: consider using '%llu' in the format string
  c:\users\40161070\documents\github\cps\coursework 2\code\nbody\nbody\main.cpp(18): note: consider using '%I64u' in the format string
c:\users\40161070\documents\github\cps\coursework 2\code\nbody\nbody\main.cpp(26): warning C4477: 'printf' : format string '%lu' requires an argument of type 'unsigned long', but variadic argument 1 has type 'time_t'
  c:\users\40161070\documents\github\cps\coursework 2\code\nbody\nbody\main.cpp(26): note: consider using '%llu' in the format string
  c:\users\40161070\documents\github\cps\coursework 2\code\nbody\nbody\main.cpp(26): note: consider using '%I64u' in the format string
c:\users\40161070\documents\github\cps\coursework 2\code\nbody\nbody\main.cpp(36): warning C4477: 'printf' : format string '%lu' requires an argument of type 'unsigned long', but variadic argument 1 has type 'time_t'
  c:\users\40161070\documents\github\cps\coursework 2\code\nbody\nbody\main.cpp(36): note: consider using '%llu' in the format string
  c:\users\40161070\documents\github\cps\coursework 2\code\nbody\nbody\main.cpp(36): note: consider using '%I64u' in the format string
  displayimage.cpp
c:\users\40161070\documents\github\cps\coursework 2\code\nbody\nbody\graphics\displayimage.hpp(4): fatal error C1083: Cannot open include file: 'cairo.h': No such file or directory
  Generating Code...
