stdio    D         file_stdio.c:109  file_stdio_fopen                 [   0.00000] opening C:\Users\40161070\Documents\GitHub\Cps\coursework 2\code\CUDA\x64\Release\allegro5.cfg r
system   D            wsystem.c:738  maybe_parent_dir                 [   0.00000] Also searching C:\Users\40161070\Documents\GitHub\Cps\coursework 2\code\CUDA\x64\
system   D            wsystem.c:788  _al_win_safe_load_library        [   0.00000] PathFindOnPath found: C:\WINDOWS\system32\shcore.dll
system   D            wsystem.c:699  load_library_at_path             [   0.00000] Calling LoadLibrary C:\WINDOWS\system32\shcore.dll
system   I            wsystem.c:702  load_library_at_path             [   0.00000] Loaded C:\WINDOWS\system32\shcore.dll
system   I             system.c:263  al_install_system                [   0.00000] Allegro version: 5.2.3
system   D            wsystem.c:738  maybe_parent_dir                 [   0.00018] Also searching C:\Users\40161070\Documents\GitHub\Cps\coursework 2\code\CUDA\x64\
system   D            wsystem.c:788  _al_win_safe_load_library        [   0.00026] PathFindOnPath found: C:\WINDOWS\system32\d3d9.dll
system   D            wsystem.c:699  load_library_at_path             [   0.00028] Calling LoadLibrary C:\WINDOWS\system32\d3d9.dll
system   I            wsystem.c:702  load_library_at_path             [   0.00259] Loaded C:\WINDOWS\system32\d3d9.dll
d3d      I         d3d_disp.cpp:674  d3d_init_display                 [   0.02780] Render-to-texture: 1
d3d      I         d3d_disp.cpp:1768 d3d_create_display_locked        [   0.02811] faux_fullscreen=0
d3d      D         d3d_disp.cpp:1769 d3d_create_display_locked        [   0.02813] al_display=00000216219AA750
d3d      D         d3d_disp.cpp:1770 d3d_create_display_locked        [   0.02814] al_display->vt=000002161CC900F0
d3d      I d3d_display_formats.cpp:144  _al_d3d_generate_display_format_list [   0.03219] found 160 format combinations
display  D   display_settings.c:212  debug_display_settings           [   0.03224] color: 32 (rgba 8880), depth: 0, stencil: 0, acc: 0000, samples: 0/0
display  D   display_settings.c:527  _al_score_display_settings       [   0.03225] Score is : 897
display  D   display_settings.c:212  debug_display_settings           [   0.03226] color: 32 (rgba 8880), depth: 0, stencil: 0, acc: 0000, samples: 0/0
display  D   display_settings.c:527  _al_score_display_settings       [   0.03228] Score is : 897
display  D   display_settings.c:212  debug_display_settings           [   0.03229] color: 32 (rgba 8880), depth: 0, stencil: 0, acc: 0000, samples: 2/1
display  D   display_settings.c:527  _al_score_display_settings       [   0.03230] Score is : 726
display  D   display_settings.c:212  debug_display_settings           [   0.03231] color: 32 (rgba 8880), depth: 0, stencil: 0, acc: 0000, samples: 3/1
display  D   display_settings.c:527  _al_score_display_settings       [   0.03232] Score is : 721
display  D   display_settings.c:212  debug_display_settings           [   0.03233] color: 32 (rgba 8880), depth: 0, stencil: 0, acc: 0000, samples: 4/1
display  D   display_settings.c:527  _al_score_display_settings       [   0.03234] Score is : 717
display  D   display_settings.c:212  debug_display_settings           [   0.03235] color: 32 (rgba 8880), depth: 24, stencil: 8, acc: 0000, samples: 0/0
display  D   display_settings.c:527  _al_score_display_settings       [   0.03236] Score is : 897
display  D   display_settings.c:212  debug_display_settings           [   0.03237] color: 32 (rgba 8880), depth: 24, stencil: 8, acc: 0000, samples: 0/0
display  D   display_settings.c:527  _al_score_display_settings       [   0.03239] Score is : 897
display  D   display_settings.c:212  debug_display_settings           [   0.03240] color: 32 (rgba 8880), depth: 24, stencil: 8, acc: 0000, samples: 2/1
display  D   display_settings.c:527  _al_score_display_settings       [   0.03241] Score is : 726
display  D   display_settings.c:212  debug_display_settings           [   0.03242] color: 32 (rgba 8880), depth: 24, stencil: 8, acc: 0000, samples: 3/1
display  D   display_settings.c:527  _al_score_display_settings       [   0.03247] Score is : 721
display  D   display_settings.c:212  debug_display_settings           [   0.03249] color: 32 (rgba 8880), depth: 24, stencil: 8, acc: 0000, samples: 4/1
display  D   display_settings.c:527  _al_score_display_settings       [   0.03250] Score is : 717
display  D   display_settings.c:212  debug_display_settings           [   0.03251] color: 32 (rgba 8880), depth: 24, stencil: 0, acc: 0000, samples: 0/0
display  D   display_settings.c:527  _al_score_display_settings       [   0.03252] Score is : 897
display  D   display_settings.c:212  debug_display_settings           [   0.03253] color: 32 (rgba 8880), depth: 24, stencil: 0, acc: 0000, samples: 0/0
display  D   display_settings.c:527  _al_score_display_settings       [   0.03254] Score is : 897
display  D   display_settings.c:212  debug_display_settings           [   0.03255] color: 32 (rgba 8880), depth: 24, stencil: 0, acc: 0000, samples: 2/1
display  D   display_settings.c:527  _al_score_display_settings       [   0.03256] Score is : 726
display  D   display_settings.c:212  debug_display_settings           [   0.03257] color: 32 (rgba 8880), depth: 24, stencil: 0, acc: 0000, samples: 3/1
display  D   display_settings.c:527  _al_score_display_settings       [   0.03258] Score is : 721
display  D   display_settings.c:212  debug_display_settings           [   0.03259] color: 32 (rgba 8880), depth: 24, stencil: 0, acc: 0000, samples: 4/1
display  D   display_settings.c:527  _al_score_display_settings       [   0.03261] Score is : 717
display  D   display_settings.c:212  debug_display_settings           [   0.03261] color: 32 (rgba 8880), depth: 16, stencil: 0, acc: 0000, samples: 0/0
display  D   display_settings.c:527  _al_score_display_settings       [   0.03263] Score is : 897
display  D   display_settings.c:212  debug_display_settings           [   0.03264] color: 32 (rgba 8880), depth: 16, stencil: 0, acc: 0000, samples: 0/0
display  D   display_settings.c:527  _al_score_display_settings       [   0.03265] Score is : 897
display  D   display_settings.c:212  debug_display_settings           [   0.03266] color: 32 (rgba 8880), depth: 16, stencil: 0, acc: 0000, samples: 2/1
display  D   display_settings.c:527  _al_score_display_settings       [   0.03267] Score is : 726
display  D   display_settings.c:212  debug_display_settings           [   0.03268] color: 32 (rgba 8880), depth: 16, stencil: 0, acc: 0000, samples: 3/1
display  D   display_settings.c:527  _al_score_display_settings       [   0.03269] Score is : 721
display  D   display_settings.c:212  debug_display_settings           [   0.03270] color: 32 (rgba 8880), depth: 16, stencil: 0, acc: 0000, samples: 4/1
display  D   display_settings.c:527  _al_score_display_settings       [   0.03272] Score is : 717
display  D   display_settings.c:212  debug_display_settings           [   0.03272] color: 16 (rgba 5650), depth: 0, stencil: 0, acc: 0000, samples: 0/0
display  D   display_settings.c:527  _al_score_display_settings       [   0.03274] Score is : 897
display  D   display_settings.c:212  debug_display_settings           [   0.03275] color: 16 (rgba 5650), depth: 0, stencil: 0, acc: 0000, samples: 0/0
display  D   display_settings.c:527  _al_score_display_settings       [   0.03276] Score is : 897
display  D   display_settings.c:212  debug_display_settings           [   0.03277] color: 16 (rgba 5650), depth: 0, stencil: 0, acc: 0000, samples: 2/1
display  D   display_settings.c:527  _al_score_display_settings       [   0.03278] Score is : 726
display  D   display_settings.c:212  debug_display_settings           [   0.03279] color: 16 (rgba 5650), depth: 0, stencil: 0, acc: 0000, samples: 3/1
display  D   display_settings.c:527  _al_score_display_settings       [   0.03280] Score is : 721
display  D   display_settings.c:212  debug_display_settings           [   0.03281] color: 16 (rgba 5650), depth: 0, stencil: 0, acc: 0000, samples: 4/1
display  D   display_settings.c:527  _al_score_display_settings       [   0.03282] Score is : 717
display  D   display_settings.c:212  debug_display_settings           [   0.03286] color: 16 (rgba 5650), depth: 24, stencil: 8, acc: 0000, samples: 0/0
display  D   display_settings.c:527  _al_score_display_settings       [   0.03287] Score is : 897
display  D   display_settings.c:212  debug_display_settings           [   0.03288] color: 16 (rgba 5650), depth: 24, stencil: 8, acc: 0000, samples: 0/0
display  D   display_settings.c:527  _al_score_display_settings       [   0.03289] Score is : 897
display  D   display_settings.c:212  debug_display_settings           [   0.03290] color: 16 (rgba 5650), depth: 24, stencil: 8, acc: 0000, samples: 2/1
display  D   display_settings.c:527  _al_score_display_settings       [   0.03291] Score is : 726
display  D   display_settings.c:212  debug_display_settings           [   0.03292] color: 16 (rgba 5650), depth: 24, stencil: 8, acc: 0000, samples: 3/1
display  D   display_settings.c:527  _al_score_display_settings       [   0.03294] Score is : 721
display  D   display_settings.c:212  debug_display_settings           [   0.03294] color: 16 (rgba 5650), depth: 24, stencil: 8, acc: 0000, samples: 4/1
display  D   display_settings.c:527  _al_score_display_settings       [   0.03296] Score is : 717
display  D   display_settings.c:212  debug_display_settings           [   0.03297] color: 16 (rgba 5650), depth: 24, stencil: 0, acc: 0000, samples: 0/0
display  D   display_settings.c:527  _al_score_display_settings       [   0.03298] Score is : 897
display  D   display_settings.c:212  debug_display_settings           [   0.03299] color: 16 (rgba 5650), depth: 24, stencil: 0, acc: 0000, samples: 0/0
display  D   display_settings.c:527  _al_score_display_settings       [   0.03300] Score is : 897
display  D   display_settings.c:212  debug_display_settings           [   0.03301] color: 16 (rgba 5650), depth: 24, stencil: 0, acc: 0000, samples: 2/1
display  D   display_settings.c:527  _al_score_display_settings       [   0.03302] Score is : 726
display  D   display_settings.c:212  debug_display_settings           [   0.03303] color: 16 (rgba 5650), depth: 24, stencil: 0, acc: 0000, samples: 3/1
display  D   display_settings.c:527  _al_score_display_settings       [   0.03304] Score is : 721
display  D   display_settings.c:212  debug_display_settings           [   0.03305] color: 16 (rgba 5650), depth: 24, stencil: 0, acc: 0000, samples: 4/1
display  D   display_settings.c:527  _al_score_display_settings       [   0.03307] Score is : 717
display  D   display_settings.c:212  debug_display_settings           [   0.03307] color: 16 (rgba 5650), depth: 16, stencil: 0, acc: 0000, samples: 0/0
display  D   display_settings.c:527  _al_score_display_settings       [   0.03309] Score is : 897
display  D   display_settings.c:212  debug_display_settings           [   0.03310] color: 16 (rgba 5650), depth: 16, stencil: 0, acc: 0000, samples: 0/0
display  D   display_settings.c:527  _al_score_display_settings       [   0.03311] Score is : 897
display  D   display_settings.c:212  debug_display_settings           [   0.03312] color: 16 (rgba 5650), depth: 16, stencil: 0, acc: 0000, samples: 2/1
display  D   display_settings.c:527  _al_score_display_settings       [   0.03313] Score is : 726
display  D   display_settings.c:212  debug_display_settings           [   0.03314] color: 16 (rgba 5650), depth: 16, stencil: 0, acc: 0000, samples: 3/1
display  D   display_settings.c:527  _al_score_display_settings       [   0.03315] Score is : 721
display  D   display_settings.c:212  debug_display_settings           [   0.03316] color: 16 (rgba 5650), depth: 16, stencil: 0, acc: 0000, samples: 4/1
display  D   display_settings.c:527  _al_score_display_settings       [   0.03317] Score is : 717
display  D   display_settings.c:212  debug_display_settings           [   0.03318] color: 32 (rgba 8880), depth: 0, stencil: 0, acc: 0000, samples: 0/0
display  D   display_settings.c:398  _al_score_display_settings       [   0.03320] Single Buffer requirement not met.
display  D   display_settings.c:212  debug_display_settings           [   0.03321] color: 32 (rgba 8880), depth: 0, stencil: 0, acc: 0000, samples: 0/0
display  D   display_settings.c:398  _al_score_display_settings       [   0.03322] Single Buffer requirement not met.
display  D   display_settings.c:212  debug_display_settings           [   0.03323] color: 32 (rgba 8880), depth: 0, stencil: 0, acc: 0000, samples: 2/1
display  D   display_settings.c:398  _al_score_display_settings       [   0.03324] Single Buffer requirement not met.
display  D   display_settings.c:212  debug_display_settings           [   0.03325] color: 32 (rgba 8880), depth: 0, stencil: 0, acc: 0000, samples: 3/1
display  D   display_settings.c:398  _al_score_display_settings       [   0.03326] Single Buffer requirement not met.
display  D   display_settings.c:212  debug_display_settings           [   0.03327] color: 32 (rgba 8880), depth: 0, stencil: 0, acc: 0000, samples: 4/1
display  D   display_settings.c:398  _al_score_display_settings       [   0.03329] Single Buffer requirement not met.
display  D   display_settings.c:212  debug_display_settings           [   0.03330] color: 32 (rgba 8880), depth: 24, stencil: 8, acc: 0000, samples: 0/0
display  D   display_settings.c:398  _al_score_display_settings       [   0.03331] Single Buffer requirement not met.
display  D   display_settings.c:212  debug_display_settings           [   0.03332] color: 32 (rgba 8880), depth: 24, stencil: 8, acc: 0000, samples: 0/0
display  D   display_settings.c:398  _al_score_display_settings       [   0.03333] Single Buffer requirement not met.
display  D   display_settings.c:212  debug_display_settings           [   0.03334] color: 32 (rgba 8880), depth: 24, stencil: 8, acc: 0000, samples: 2/1
display  D   display_settings.c:398  _al_score_display_settings       [   0.03335] Single Buffer requirement not met.
display  D   display_settings.c:212  debug_display_settings           [   0.03336] color: 32 (rgba 8880), depth: 24, stencil: 8, acc: 0000, samples: 3/1
display  D   display_settings.c:398  _al_score_display_settings       [   0.03337] Single Buffer requirement not met.
display  D   display_settings.c:212  debug_display_settings           [   0.03338] color: 32 (rgba 8880), depth: 24, stencil: 8, acc: 0000, samples: 4/1
display  D   display_settings.c:398  _al_score_display_settings       [   0.03340] Single Buffer requirement not met.
display  D   display_settings.c:212  debug_display_settings           [   0.03341] color: 32 (rgba 8880), depth: 24, stencil: 0, acc: 0000, samples: 0/0
display  D   display_settings.c:398  _al_score_display_settings       [   0.03342] Single Buffer requirement not met.
display  D   display_settings.c:212  debug_display_settings           [   0.03343] color: 32 (rgba 8880), depth: 24, stencil: 0, acc: 0000, samples: 0/0
display  D   display_settings.c:398  _al_score_display_settings       [   0.03344] Single Buffer requirement not met.
display  D   display_settings.c:212  debug_display_settings           [   0.03345] color: 32 (rgba 8880), depth: 24, stencil: 0, acc: 0000, samples: 2/1
display  D   display_settings.c:398  _al_score_display_settings       [   0.03346] Single Buffer requirement not met.
display  D   display_settings.c:212  debug_display_settings           [   0.03347] color: 32 (rgba 8880), depth: 24, stencil: 0, acc: 0000, samples: 3/1
display  D   display_settings.c:398  _al_score_display_settings       [   0.03349] Single Buffer requirement not met.
display  D   display_settings.c:212  debug_display_settings           [   0.03350] color: 32 (rgba 8880), depth: 24, stencil: 0, acc: 0000, samples: 4/1
display  D   display_settings.c:398  _al_score_display_settings       [   0.03351] Single Buffer requirement not met.
display  D   display_settings.c:212  debug_display_settings           [   0.03352] color: 32 (rgba 8880), depth: 16, stencil: 0, acc: 0000, samples: 0/0
display  D   display_settings.c:398  _al_score_display_settings       [   0.03353] Single Buffer requirement not met.
display  D   display_settings.c:212  debug_display_settings           [   0.03354] color: 32 (rgba 8880), depth: 16, stencil: 0, acc: 0000, samples: 0/0
display  D   display_settings.c:398  _al_score_display_settings       [   0.03355] Single Buffer requirement not met.
display  D   display_settings.c:212  debug_display_settings           [   0.03356] color: 32 (rgba 8880), depth: 16, stencil: 0, acc: 0000, samples: 2/1
display  D   display_settings.c:398  _al_score_display_settings       [   0.03358] Single Buffer requirement not met.
display  D   display_settings.c:212  debug_display_settings           [   0.03359] color: 32 (rgba 8880), depth: 16, stencil: 0, acc: 0000, samples: 3/1
display  D   display_settings.c:398  _al_score_display_settings       [   0.03360] Single Buffer requirement not met.
display  D   display_settings.c:212  debug_display_settings           [   0.03361] color: 32 (rgba 8880), depth: 16, stencil: 0, acc: 0000, samples: 4/1
display  D   display_settings.c:398  _al_score_display_settings       [   0.03362] Single Buffer requirement not met.
display  D   display_settings.c:212  debug_display_settings           [   0.03363] color: 16 (rgba 5650), depth: 0, stencil: 0, acc: 0000, samples: 0/0
display  D   display_settings.c:398  _al_score_display_settings       [   0.03364] Single Buffer requirement not met.
display  D   display_settings.c:212  debug_display_settings           [   0.03365] color: 16 (rgba 5650), depth: 0, stencil: 0, acc: 0000, samples: 0/0
display  D   display_settings.c:398  _al_score_display_settings       [   0.03367] Single Buffer requirement not met.
display  D   display_settings.c:212  debug_display_settings           [   0.03368] color: 16 (rgba 5650), depth: 0, stencil: 0, acc: 0000, samples: 2/1
display  D   display_settings.c:398  _al_score_display_settings       [   0.03369] Single Buffer requirement not met.
display  D   display_settings.c:212  debug_display_settings           [   0.03370] color: 16 (rgba 5650), depth: 0, stencil: 0, acc: 0000, samples: 3/1
display  D   display_settings.c:398  _al_score_display_settings       [   0.03371] Single Buffer requirement not met.
display  D   display_settings.c:212  debug_display_settings           [   0.03372] color: 16 (rgba 5650), depth: 0, stencil: 0, acc: 0000, samples: 4/1
display  D   display_settings.c:398  _al_score_display_settings       [   0.03373] Single Buffer requirement not met.
display  D   display_settings.c:212  debug_display_settings           [   0.03374] color: 16 (rgba 5650), depth: 24, stencil: 8, acc: 0000, samples: 0/0
display  D   display_settings.c:398  _al_score_display_settings       [   0.03375] Single Buffer requirement not met.
display  D   display_settings.c:212  debug_display_settings           [   0.03376] color: 16 (rgba 5650), depth: 24, stencil: 8, acc: 0000, samples: 0/0
display  D   display_settings.c:398  _al_score_display_settings       [   0.03378] Single Buffer requirement not met.
display  D   display_settings.c:212  debug_display_settings           [   0.03379] color: 16 (rgba 5650), depth: 24, stencil: 8, acc: 0000, samples: 2/1
display  D   display_settings.c:398  _al_score_display_settings       [   0.03380] Single Buffer requirement not met.
display  D   display_settings.c:212  debug_display_settings           [   0.03381] color: 16 (rgba 5650), depth: 24, stencil: 8, acc: 0000, samples: 3/1
display  D   display_settings.c:398  _al_score_display_settings       [   0.03382] Single Buffer requirement not met.
display  D   display_settings.c:212  debug_display_settings           [   0.03383] color: 16 (rgba 5650), depth: 24, stencil: 8, acc: 0000, samples: 4/1
display  D   display_settings.c:398  _al_score_display_settings       [   0.03384] Single Buffer requirement not met.
display  D   display_settings.c:212  debug_display_settings           [   0.03385] color: 16 (rgba 5650), depth: 24, stencil: 0, acc: 0000, samples: 0/0
display  D   display_settings.c:398  _al_score_display_settings       [   0.03386] Single Buffer requirement not met.
display  D   display_settings.c:212  debug_display_settings           [   0.03388] color: 16 (rgba 5650), depth: 24, stencil: 0, acc: 0000, samples: 0/0
display  D   display_settings.c:398  _al_score_display_settings       [   0.03389] Single Buffer requirement not met.
display  D   display_settings.c:212  debug_display_settings           [   0.03390] color: 16 (rgba 5650), depth: 24, stencil: 0, acc: 0000, samples: 2/1
display  D   display_settings.c:398  _al_score_display_settings       [   0.03391] Single Buffer requirement not met.
display  D   display_settings.c:212  debug_display_settings           [   0.03392] color: 16 (rgba 5650), depth: 24, stencil: 0, acc: 0000, samples: 3/1
display  D   display_settings.c:398  _al_score_display_settings       [   0.03394] Single Buffer requirement not met.
display  D   display_settings.c:212  debug_display_settings           [   0.03394] color: 16 (rgba 5650), depth: 24, stencil: 0, acc: 0000, samples: 4/1
display  D   display_settings.c:398  _al_score_display_settings       [   0.03396] Single Buffer requirement not met.
display  D   display_settings.c:212  debug_display_settings           [   0.03397] color: 16 (rgba 5650), depth: 16, stencil: 0, acc: 0000, samples: 0/0
display  D   display_settings.c:398  _al_score_display_settings       [   0.03398] Single Buffer requirement not met.
display  D   display_settings.c:212  debug_display_settings           [   0.03399] color: 16 (rgba 5650), depth: 16, stencil: 0, acc: 0000, samples: 0/0
display  D   display_settings.c:398  _al_score_display_settings       [   0.03400] Single Buffer requirement not met.
display  D   display_settings.c:212  debug_display_settings           [   0.03401] color: 16 (rgba 5650), depth: 16, stencil: 0, acc: 0000, samples: 2/1
display  D   display_settings.c:398  _al_score_display_settings       [   0.03402] Single Buffer requirement not met.
display  D   display_settings.c:212  debug_display_settings           [   0.03403] color: 16 (rgba 5650), depth: 16, stencil: 0, acc: 0000, samples: 3/1
display  D   display_settings.c:398  _al_score_display_settings       [   0.03405] Single Buffer requirement not met.
display  D   display_settings.c:212  debug_display_settings           [   0.03405] color: 16 (rgba 5650), depth: 16, stencil: 0, acc: 0000, samples: 4/1
display  D   display_settings.c:398  _al_score_display_settings       [   0.03407] Single Buffer requirement not met.
display  D   display_settings.c:212  debug_display_settings           [   0.03408] color: 32 (rgba 8880), depth: 0, stencil: 0, acc: 0000, samples: 0/0
display  D   display_settings.c:527  _al_score_display_settings       [   0.03409] Score is : 769
display  D   display_settings.c:212  debug_display_settings           [   0.03410] color: 32 (rgba 8880), depth: 0, stencil: 0, acc: 0000, samples: 0/0
display  D   display_settings.c:527  _al_score_display_settings       [   0.03411] Score is : 769
display  D   display_settings.c:212  debug_display_settings           [   0.03412] color: 32 (rgba 8880), depth: 0, stencil: 0, acc: 0000, samples: 2/1
display  D   display_settings.c:527  _al_score_display_settings       [   0.03413] Score is : 598
display  D   display_settings.c:212  debug_display_settings           [   0.03414] color: 32 (rgba 8880), depth: 0, stencil: 0, acc: 0000, samples: 3/1
display  D   display_settings.c:527  _al_score_display_settings       [   0.03415] Score is : 593
display  D   display_settings.c:212  debug_display_settings           [   0.03416] color: 32 (rgba 8880), depth: 0, stencil: 0, acc: 0000, samples: 4/1
display  D   display_settings.c:527  _al_score_display_settings       [   0.03418] Score is : 589
display  D   display_settings.c:212  debug_display_settings           [   0.03418] color: 32 (rgba 8880), depth: 24, stencil: 8, acc: 0000, samples: 0/0
display  D   display_settings.c:527  _al_score_display_settings       [   0.03420] Score is : 769
display  D   display_settings.c:212  debug_display_settings           [   0.03421] color: 32 (rgba 8880), depth: 24, stencil: 8, acc: 0000, samples: 0/0
display  D   display_settings.c:527  _al_score_display_settings       [   0.03422] Score is : 769
display  D   display_settings.c:212  debug_display_settings           [   0.03423] color: 32 (rgba 8880), depth: 24, stencil: 8, acc: 0000, samples: 2/1
display  D   display_settings.c:527  _al_score_display_settings       [   0.03424] Score is : 598
display  D   display_settings.c:212  debug_display_settings           [   0.03425] color: 32 (rgba 8880), depth: 24, stencil: 8, acc: 0000, samples: 3/1
display  D   display_settings.c:527  _al_score_display_settings       [   0.03426] Score is : 593
display  D   display_settings.c:212  debug_display_settings           [   0.03427] color: 32 (rgba 8880), depth: 24, stencil: 8, acc: 0000, samples: 4/1
display  D   display_settings.c:527  _al_score_display_settings       [   0.03428] Score is : 589
display  D   display_settings.c:212  debug_display_settings           [   0.03429] color: 32 (rgba 8880), depth: 24, stencil: 0, acc: 0000, samples: 0/0
display  D   display_settings.c:527  _al_score_display_settings       [   0.03431] Score is : 769
display  D   display_settings.c:212  debug_display_settings           [   0.03431] color: 32 (rgba 8880), depth: 24, stencil: 0, acc: 0000, samples: 0/0
display  D   display_settings.c:527  _al_score_display_settings       [   0.03433] Score is : 769
display  D   display_settings.c:212  debug_display_settings           [   0.03434] color: 32 (rgba 8880), depth: 24, stencil: 0, acc: 0000, samples: 2/1
display  D   display_settings.c:527  _al_score_display_settings       [   0.03435] Score is : 598
display  D   display_settings.c:212  debug_display_settings           [   0.03436] color: 32 (rgba 8880), depth: 24, stencil: 0, acc: 0000, samples: 3/1
display  D   display_settings.c:527  _al_score_display_settings       [   0.03437] Score is : 593
display  D   display_settings.c:212  debug_display_settings           [   0.03438] color: 32 (rgba 8880), depth: 24, stencil: 0, acc: 0000, samples: 4/1
display  D   display_settings.c:527  _al_score_display_settings       [   0.03439] Score is : 589
display  D   display_settings.c:212  debug_display_settings           [   0.03440] color: 32 (rgba 8880), depth: 16, stencil: 0, acc: 0000, samples: 0/0
display  D   display_settings.c:527  _al_score_display_settings       [   0.03441] Score is : 769
display  D   display_settings.c:212  debug_display_settings           [   0.03442] color: 32 (rgba 8880), depth: 16, stencil: 0, acc: 0000, samples: 0/0
display  D   display_settings.c:527  _al_score_display_settings       [   0.03444] Score is : 769
display  D   display_settings.c:212  debug_display_settings           [   0.03444] color: 32 (rgba 8880), depth: 16, stencil: 0, acc: 0000, samples: 2/1
display  D   display_settings.c:527  _al_score_display_settings       [   0.03446] Score is : 598
display  D   display_settings.c:212  debug_display_settings           [   0.03447] color: 32 (rgba 8880), depth: 16, stencil: 0, acc: 0000, samples: 3/1
display  D   display_settings.c:527  _al_score_display_settings       [   0.03448] Score is : 593
display  D   display_settings.c:212  debug_display_settings           [   0.03449] color: 32 (rgba 8880), depth: 16, stencil: 0, acc: 0000, samples: 4/1
display  D   display_settings.c:527  _al_score_display_settings       [   0.03450] Score is : 589
display  D   display_settings.c:212  debug_display_settings           [   0.03451] color: 16 (rgba 5650), depth: 0, stencil: 0, acc: 0000, samples: 0/0
display  D   display_settings.c:527  _al_score_display_settings       [   0.03452] Score is : 769
display  D   display_settings.c:212  debug_display_settings           [   0.03453] color: 16 (rgba 5650), depth: 0, stencil: 0, acc: 0000, samples: 0/0
display  D   display_settings.c:527  _al_score_display_settings       [   0.03454] Score is : 769
display  D   display_settings.c:212  debug_display_settings           [   0.03455] color: 16 (rgba 5650), depth: 0, stencil: 0, acc: 0000, samples: 2/1
display  D   display_settings.c:527  _al_score_display_settings       [   0.03456] Score is : 598
display  D   display_settings.c:212  debug_display_settings           [   0.03457] color: 16 (rgba 5650), depth: 0, stencil: 0, acc: 0000, samples: 3/1
display  D   display_settings.c:527  _al_score_display_settings       [   0.03459] Score is : 593
display  D   display_settings.c:212  debug_display_settings           [   0.03459] color: 16 (rgba 5650), depth: 0, stencil: 0, acc: 0000, samples: 4/1
display  D   display_settings.c:527  _al_score_display_settings       [   0.03461] Score is : 589
display  D   display_settings.c:212  debug_display_settings           [   0.03462] color: 16 (rgba 5650), depth: 24, stencil: 8, acc: 0000, samples: 0/0
display  D   display_settings.c:527  _al_score_display_settings       [   0.03463] Score is : 769
display  D   display_settings.c:212  debug_display_settings           [   0.03464] color: 16 (rgba 5650), depth: 24, stencil: 8, acc: 0000, samples: 0/0
display  D   display_settings.c:527  _al_score_display_settings       [   0.03465] Score is : 769
display  D   display_settings.c:212  debug_display_settings           [   0.03466] color: 16 (rgba 5650), depth: 24, stencil: 8, acc: 0000, samples: 2/1
display  D   display_settings.c:527  _al_score_display_settings       [   0.03468] Score is : 598
display  D   display_settings.c:212  debug_display_settings           [   0.03468] color: 16 (rgba 5650), depth: 24, stencil: 8, acc: 0000, samples: 3/1
display  D   display_settings.c:527  _al_score_display_settings       [   0.03470] Score is : 593
display  D   display_settings.c:212  debug_display_settings           [   0.03471] color: 16 (rgba 5650), depth: 24, stencil: 8, acc: 0000, samples: 4/1
display  D   display_settings.c:527  _al_score_display_settings       [   0.03472] Score is : 589
display  D   display_settings.c:212  debug_display_settings           [   0.03473] color: 16 (rgba 5650), depth: 24, stencil: 0, acc: 0000, samples: 0/0
display  D   display_settings.c:527  _al_score_display_settings       [   0.03474] Score is : 769
display  D   display_settings.c:212  debug_display_settings           [   0.03475] color: 16 (rgba 5650), depth: 24, stencil: 0, acc: 0000, samples: 0/0
display  D   display_settings.c:527  _al_score_display_settings       [   0.03476] Score is : 769
display  D   display_settings.c:212  debug_display_settings           [   0.03477] color: 16 (rgba 5650), depth: 24, stencil: 0, acc: 0000, samples: 2/1
display  D   display_settings.c:527  _al_score_display_settings       [   0.03478] Score is : 598
display  D   display_settings.c:212  debug_display_settings           [   0.03479] color: 16 (rgba 5650), depth: 24, stencil: 0, acc: 0000, samples: 3/1
display  D   display_settings.c:527  _al_score_display_settings       [   0.03480] Score is : 593
display  D   display_settings.c:212  debug_display_settings           [   0.03481] color: 16 (rgba 5650), depth: 24, stencil: 0, acc: 0000, samples: 4/1
display  D   display_settings.c:527  _al_score_display_settings       [   0.03483] Score is : 589
display  D   display_settings.c:212  debug_display_settings           [   0.03483] color: 16 (rgba 5650), depth: 16, stencil: 0, acc: 0000, samples: 0/0
display  D   display_settings.c:527  _al_score_display_settings       [   0.03485] Score is : 769
display  D   display_settings.c:212  debug_display_settings           [   0.03486] color: 16 (rgba 5650), depth: 16, stencil: 0, acc: 0000, samples: 0/0
display  D   display_settings.c:527  _al_score_display_settings       [   0.03487] Score is : 769
display  D   display_settings.c:212  debug_display_settings           [   0.03488] color: 16 (rgba 5650), depth: 16, stencil: 0, acc: 0000, samples: 2/1
display  D   display_settings.c:527  _al_score_display_settings       [   0.03489] Score is : 598
display  D   display_settings.c:212  debug_display_settings           [   0.03490] color: 16 (rgba 5650), depth: 16, stencil: 0, acc: 0000, samples: 3/1
display  D   display_settings.c:527  _al_score_display_settings       [   0.03491] Score is : 593
display  D   display_settings.c:212  debug_display_settings           [   0.03494] color: 16 (rgba 5650), depth: 16, stencil: 0, acc: 0000, samples: 4/1
display  D   display_settings.c:527  _al_score_display_settings       [   0.03495] Score is : 589
display  D   display_settings.c:212  debug_display_settings           [   0.03496] color: 32 (rgba 8880), depth: 0, stencil: 0, acc: 0000, samples: 0/0
display  D   display_settings.c:398  _al_score_display_settings       [   0.03498] Single Buffer requirement not met.
display  D   display_settings.c:212  debug_display_settings           [   0.03498] color: 32 (rgba 8880), depth: 0, stencil: 0, acc: 0000, samples: 0/0
display  D   display_settings.c:398  _al_score_display_settings       [   0.03500] Single Buffer requirement not met.
display  D   display_settings.c:212  debug_display_settings           [   0.03501] color: 32 (rgba 8880), depth: 0, stencil: 0, acc: 0000, samples: 2/1
display  D   display_settings.c:398  _al_score_display_settings       [   0.03502] Single Buffer requirement not met.
display  D   display_settings.c:212  debug_display_settings           [   0.03503] color: 32 (rgba 8880), depth: 0, stencil: 0, acc: 0000, samples: 3/1
display  D   display_settings.c:398  _al_score_display_settings       [   0.03504] Single Buffer requirement not met.
display  D   display_settings.c:212  debug_display_settings           [   0.03505] color: 32 (rgba 8880), depth: 0, stencil: 0, acc: 0000, samples: 4/1
display  D   display_settings.c:398  _al_score_display_settings       [   0.03506] Single Buffer requirement not met.
display  D   display_settings.c:212  debug_display_settings           [   0.03507] color: 32 (rgba 8880), depth: 24, stencil: 8, acc: 0000, samples: 0/0
display  D   display_settings.c:398  _al_score_display_settings       [   0.03509] Single Buffer requirement not met.
display  D   display_settings.c:212  debug_display_settings           [   0.03509] color: 32 (rgba 8880), depth: 24, stencil: 8, acc: 0000, samples: 0/0
display  D   display_settings.c:398  _al_score_display_settings       [   0.03511] Single Buffer requirement not met.
display  D   display_settings.c:212  debug_display_settings           [   0.03512] color: 32 (rgba 8880), depth: 24, stencil: 8, acc: 0000, samples: 2/1
display  D   display_settings.c:398  _al_score_display_settings       [   0.03513] Single Buffer requirement not met.
display  D   display_settings.c:212  debug_display_settings           [   0.03514] color: 32 (rgba 8880), depth: 24, stencil: 8, acc: 0000, samples: 3/1
display  D   display_settings.c:398  _al_score_display_settings       [   0.03515] Single Buffer requirement not met.
display  D   display_settings.c:212  debug_display_settings           [   0.03516] color: 32 (rgba 8880), depth: 24, stencil: 8, acc: 0000, samples: 4/1
display  D   display_settings.c:398  _al_score_display_settings       [   0.03517] Single Buffer requirement not met.
display  D   display_settings.c:212  debug_display_settings           [   0.03518] color: 32 (rgba 8880), depth: 24, stencil: 0, acc: 0000, samples: 0/0
display  D   display_settings.c:398  _al_score_display_settings       [   0.03520] Single Buffer requirement not met.
display  D   display_settings.c:212  debug_display_settings           [   0.03521] color: 32 (rgba 8880), depth: 24, stencil: 0, acc: 0000, samples: 0/0
display  D   display_settings.c:398  _al_score_display_settings       [   0.03522] Single Buffer requirement not met.
display  D   display_settings.c:212  debug_display_settings           [   0.03523] color: 32 (rgba 8880), depth: 24, stencil: 0, acc: 0000, samples: 2/1
display  D   display_settings.c:398  _al_score_display_settings       [   0.03524] Single Buffer requirement not met.
display  D   display_settings.c:212  debug_display_settings           [   0.03525] color: 32 (rgba 8880), depth: 24, stencil: 0, acc: 0000, samples: 3/1
display  D   display_settings.c:398  _al_score_display_settings       [   0.03526] Single Buffer requirement not met.
display  D   display_settings.c:212  debug_display_settings           [   0.03529] color: 32 (rgba 8880), depth: 24, stencil: 0, acc: 0000, samples: 4/1
display  D   display_settings.c:398  _al_score_display_settings       [   0.03530] Single Buffer requirement not met.
display  D   display_settings.c:212  debug_display_settings           [   0.03531] color: 32 (rgba 8880), depth: 16, stencil: 0, acc: 0000, samples: 0/0
display  D   display_settings.c:398  _al_score_display_settings       [   0.03532] Single Buffer requirement not met.
display  D   display_settings.c:212  debug_display_settings           [   0.03533] color: 32 (rgba 8880), depth: 16, stencil: 0, acc: 0000, samples: 0/0
display  D   display_settings.c:398  _al_score_display_settings       [   0.03534] Single Buffer requirement not met.
display  D   display_settings.c:212  debug_display_settings           [   0.03535] color: 32 (rgba 8880), depth: 16, stencil: 0, acc: 0000, samples: 2/1
display  D   display_settings.c:398  _al_score_display_settings       [   0.03537] Single Buffer requirement not met.
display  D   display_settings.c:212  debug_display_settings           [   0.03538] color: 32 (rgba 8880), depth: 16, stencil: 0, acc: 0000, samples: 3/1
display  D   display_settings.c:398  _al_score_display_settings       [   0.03539] Single Buffer requirement not met.
display  D   display_settings.c:212  debug_display_settings           [   0.03540] color: 32 (rgba 8880), depth: 16, stencil: 0, acc: 0000, samples: 4/1
display  D   display_settings.c:398  _al_score_display_settings       [   0.03541] Single Buffer requirement not met.
display  D   display_settings.c:212  debug_display_settings           [   0.03542] color: 16 (rgba 5650), depth: 0, stencil: 0, acc: 0000, samples: 0/0
display  D   display_settings.c:398  _al_score_display_settings       [   0.03543] Single Buffer requirement not met.
display  D   display_settings.c:212  debug_display_settings           [   0.03544] color: 16 (rgba 5650), depth: 0, stencil: 0, acc: 0000, samples: 0/0
display  D   display_settings.c:398  _al_score_display_settings       [   0.03546] Single Buffer requirement not met.
display  D   display_settings.c:212  debug_display_settings           [   0.03547] color: 16 (rgba 5650), depth: 0, stencil: 0, acc: 0000, samples: 2/1
display  D   display_settings.c:398  _al_score_display_settings       [   0.03548] Single Buffer requirement not met.
display  D   display_settings.c:212  debug_display_settings           [   0.03549] color: 16 (rgba 5650), depth: 0, stencil: 0, acc: 0000, samples: 3/1
display  D   display_settings.c:398  _al_score_display_settings       [   0.03550] Single Buffer requirement not met.
display  D   display_settings.c:212  debug_display_settings           [   0.03551] color: 16 (rgba 5650), depth: 0, stencil: 0, acc: 0000, samples: 4/1
display  D   display_settings.c:398  _al_score_display_settings       [   0.03552] Single Buffer requirement not met.
display  D   display_settings.c:212  debug_display_settings           [   0.03553] color: 16 (rgba 5650), depth: 24, stencil: 8, acc: 0000, samples: 0/0
display  D   display_settings.c:398  _al_score_display_settings       [   0.03554] Single Buffer requirement not met.
display  D   display_settings.c:212  debug_display_settings           [   0.03555] color: 16 (rgba 5650), depth: 24, stencil: 8, acc: 0000, samples: 0/0
display  D   display_settings.c:398  _al_score_display_settings       [   0.03557] Single Buffer requirement not met.
display  D   display_settings.c:212  debug_display_settings           [   0.03558] color: 16 (rgba 5650), depth: 24, stencil: 8, acc: 0000, samples: 2/1
display  D   display_settings.c:398  _al_score_display_settings       [   0.03559] Single Buffer requirement not met.
display  D   display_settings.c:212  debug_display_settings           [   0.03560] color: 16 (rgba 5650), depth: 24, stencil: 8, acc: 0000, samples: 3/1
display  D   display_settings.c:398  _al_score_display_settings       [   0.03561] Single Buffer requirement not met.
display  D   display_settings.c:212  debug_display_settings           [   0.03563] color: 16 (rgba 5650), depth: 24, stencil: 8, acc: 0000, samples: 4/1
display  D   display_settings.c:398  _al_score_display_settings       [   0.03565] Single Buffer requirement not met.
display  D   display_settings.c:212  debug_display_settings           [   0.03566] color: 16 (rgba 5650), depth: 24, stencil: 0, acc: 0000, samples: 0/0
display  D   display_settings.c:398  _al_score_display_settings       [   0.03567] Single Buffer requirement not met.
display  D   display_settings.c:212  debug_display_settings           [   0.03568] color: 16 (rgba 5650), depth: 24, stencil: 0, acc: 0000, samples: 0/0
display  D   display_settings.c:398  _al_score_display_settings       [   0.03569] Single Buffer requirement not met.
display  D   display_settings.c:212  debug_display_settings           [   0.03570] color: 16 (rgba 5650), depth: 24, stencil: 0, acc: 0000, samples: 2/1
display  D   display_settings.c:398  _al_score_display_settings       [   0.03571] Single Buffer requirement not met.
display  D   display_settings.c:212  debug_display_settings           [   0.03572] color: 16 (rgba 5650), depth: 24, stencil: 0, acc: 0000, samples: 3/1
display  D   display_settings.c:398  _al_score_display_settings       [   0.03573] Single Buffer requirement not met.
display  D   display_settings.c:212  debug_display_settings           [   0.03574] color: 16 (rgba 5650), depth: 24, stencil: 0, acc: 0000, samples: 4/1
display  D   display_settings.c:398  _al_score_display_settings       [   0.03576] Single Buffer requirement not met.
display  D   display_settings.c:212  debug_display_settings           [   0.03577] color: 16 (rgba 5650), depth: 16, stencil: 0, acc: 0000, samples: 0/0
display  D   display_settings.c:398  _al_score_display_settings       [   0.03578] Single Buffer requirement not met.
display  D   display_settings.c:212  debug_display_settings           [   0.03579] color: 16 (rgba 5650), depth: 16, stencil: 0, acc: 0000, samples: 0/0
display  D   display_settings.c:398  _al_score_display_settings       [   0.03580] Single Buffer requirement not met.
display  D   display_settings.c:212  debug_display_settings           [   0.03581] color: 16 (rgba 5650), depth: 16, stencil: 0, acc: 0000, samples: 2/1
display  D   display_settings.c:398  _al_score_display_settings       [   0.03582] Single Buffer requirement not met.
display  D   display_settings.c:212  debug_display_settings           [   0.03583] color: 16 (rgba 5650), depth: 16, stencil: 0, acc: 0000, samples: 3/1
display  D   display_settings.c:398  _al_score_display_settings       [   0.03585] Single Buffer requirement not met.
display  D   display_settings.c:212  debug_display_settings           [   0.03585] color: 16 (rgba 5650), depth: 16, stencil: 0, acc: 0000, samples: 4/1
display  D   display_settings.c:398  _al_score_display_settings       [   0.03587] Single Buffer requirement not met.
d3d      D         d3d_disp.cpp:1668 d3d_create_display_internals     [   0.03591] Trying format 0.
d3d      I         d3d_disp.cpp:1344 d3d_display_thread_proc          [   0.03679] Chose a display format: 23
d3d      I         d3d_disp.cpp:1413 d3d_display_thread_proc          [   0.03682] Normal window.
d3d      I         d3d_disp.cpp:781  d3d_create_device                [   0.06021] Using no depth stencil buffer
d3d      D         d3d_disp.cpp:839  d3d_create_device                [   0.07574] BeginScene succeeded in create_device
d3d      D         d3d_disp.cpp:847  d3d_create_device                [   0.07577] Success
d3d      D         d3d_disp.cpp:1691 d3d_create_display_internals     [   0.07580] Resumed after wait.
d3d      I         d3d_disp.cpp:1724 d3d_create_display_internals     [   0.07587] Format 0 succeeded.
d3d      D         d3d_disp.cpp:1755 d3d_create_display_internals     [   0.07591] Returning d3d_display: 00000216219AA750
d3d      D         d3d_disp.cpp:1780 d3d_create_display_locked        [   0.07593] al_display=00000216219AA750
d3d      D         d3d_disp.cpp:1781 d3d_create_display_locked        [   0.07600] al_display->vt=000002161CC900F0
system   D            wsystem.c:738  maybe_parent_dir                 [   0.07694] Also searching C:\Users\40161070\Documents\GitHub\Cps\coursework 2\code\CUDA\x64\
system   D            wsystem.c:788  _al_win_safe_load_library        [   0.07707] PathFindOnPath found: C:\WINDOWS\system32\d3dx9_43.dll
system   D            wsystem.c:699  load_library_at_path             [   0.07710] Calling LoadLibrary C:\WINDOWS\system32\d3dx9_43.dll
system   I            wsystem.c:702  load_library_at_path             [   0.07902] Loaded C:\WINDOWS\system32\d3dx9_43.dll
d3dx9    I        d3d_d3dx9.cpp:88   _imp_load_d3dx9_module_version   [   0.07907] Module "d3dx9_43.dll" loaded.
